<?xml version="1.0" encoding="UTF-8"?>
<!-- Generated by org.testng.reporters.JUnitXMLReporter -->
<testsuite ignored="0" hostname="SuryaPrasath" failures="0" tests="3" name="Test3" time="26.272" errors="0" timestamp="21 Jan 2026 06:03:54 GMT">
  <testcase classname="com.test.ProductPageTest1" name="navigateToProductPage" time="12.065"/>
  <testcase classname="com.test.ProductPageTest1" name="selectBrand" time="0.21"/>
  <testcase classname="com.test.ProductPageTest1" name="validateCart" time="10.748"/>
</testsuite> <!-- Test3 -->
