<?xml version="1.0" encoding="UTF-8"?>
<!-- Generated by org.testng.reporters.JUnitReportReporter -->
<testsuite hostname="SuryaPrasath" failures="0" tests="3" name="com.test.ProductPageTest1" time="23.023" errors="0" timestamp="21 Jan 2026 06:03:54 GMT" skipped="0">
  <testcase classname="com.test.ProductPageTest1" name="navigateToProductPage" time="12.065"/>
  <testcase classname="com.test.ProductPageTest1" name="selectBrand" time="0.210"/>
  <testcase classname="com.test.ProductPageTest1" name="validateCart" time="10.748"/>
</testsuite> <!-- com.test.ProductPageTest1 -->
