<?xml version="1.0" encoding="UTF-8"?>
<!-- Generated by org.testng.reporters.JUnitReportReporter -->
<testsuite hostname="SuryaPrasath" failures="0" tests="8" name="com.test.ProductPageTest" time="25.408" errors="0" timestamp="21 Jan 2026 06:03:54 GMT" skipped="0">
  <testcase classname="com.test.ProductPageTest" name="navigateToProductPage" time="12.306"/>
  <testcase classname="com.test.ProductPageTest" name="selectBrand" time="0.505"/>
  <testcase classname="com.test.ProductPageTest" name="selectRating" time="3.238"/>
  <testcase classname="com.test.ProductPageTest" name="printPrice" time="3.614"/>
  <testcase classname="com.test.ProductPageTest" name="clickFirstProduct" time="0.169"/>
  <testcase classname="com.test.ProductPageTest" name="switchNewTab" time="1.712"/>
  <testcase classname="com.test.ProductPageTest" name="printOfferLists" time="0.607"/>
  <testcase classname="com.test.ProductPageTest" name="clickCart" time="3.257"/>
</testsuite> <!-- com.test.ProductPageTest -->
